SF:lib/data/api/courses_api.dart
DA:9,1
DA:11,1
DA:12,3
DA:13,2
LF:4
LH:4
end_of_record
SF:lib/domain/entities/curriculum_status.dart
DA:12,6
DA:21,2
DA:29,2
DA:30,2
DA:31,2
DA:32,1
DA:33,2
DA:34,2
DA:35,2
DA:39,2
DA:40,2
DA:41,2
DA:42,2
DA:43,2
DA:44,2
DA:45,2
DA:46,2
LF:17
LH:17
end_of_record
SF:lib/data/dio_client/course_dio_client.dart
DA:5,3
DA:8,2
DA:10,2
DA:11,4
LF:4
LH:4
end_of_record
SF:lib/commons/config/enviroments.dart
DA:4,8
LF:1
LH:1
end_of_record
SF:lib/domain/entities/courses_status.dart
DA:12,4
DA:18,2
DA:19,2
DA:21,2
DA:23,2
DA:28,2
DA:29,2
DA:30,2
DA:31,1
DA:35,3
DA:36,12
LF:11
LH:11
end_of_record
SF:lib/domain/entities/courses_status.g.dart
DA:9,2
DA:10,2
DA:11,2
DA:12,2
DA:13,2
DA:14,4
DA:15,2
DA:18,1
DA:19,1
DA:20,1
DA:21,1
DA:22,1
LF:12
LH:12
end_of_record
SF:lib/domain/entities/curriculum.dart
DA:19,7
DA:32,2
DA:33,2
DA:35,2
DA:37,3
DA:49,3
DA:50,3
DA:51,3
DA:52,3
DA:53,3
DA:54,3
DA:55,3
DA:56,3
DA:57,3
DA:58,3
DA:59,3
DA:63,3
DA:64,3
DA:65,3
DA:66,3
DA:67,3
DA:68,3
DA:69,3
DA:70,3
DA:71,3
DA:72,3
DA:73,3
DA:74,3
LF:28
LH:28
end_of_record
SF:lib/domain/entities/curriculum.g.dart
DA:9,4
DA:10,2
DA:11,2
DA:12,4
DA:13,2
DA:14,2
DA:15,2
DA:16,2
DA:17,2
DA:18,2
DA:19,2
DA:22,1
DA:23,1
DA:24,1
DA:25,1
DA:26,2
DA:27,1
DA:28,1
DA:29,1
DA:30,1
DA:31,1
DA:32,1
DA:33,1
LF:23
LH:23
end_of_record
SF:lib/domain/repositories/courses_repository.dart
DA:13,1
DA:18,1
DA:19,2
DA:20,1
DA:21,1
DA:22,3
DA:23,2
DA:25,1
DA:30,1
DA:32,1
DA:33,1
DA:34,1
DA:35,2
DA:37,1
DA:38,1
DA:40,1
DA:44,1
DA:45,1
DA:47,2
DA:48,3
DA:52,5
DA:55,0
DA:57,0
DA:65,1
DA:69,0
DA:73,0
DA:74,0
DA:75,0
DA:79,0
DA:82,0
DA:87,0
DA:91,0
DA:92,0
DA:93,0
DA:96,0
DA:97,0
DA:98,0
DA:99,0
DA:104,0
DA:109,0
DA:113,0
DA:114,0
DA:115,0
DA:121,0
DA:128,0
DA:129,0
DA:130,0
DA:132,0
DA:133,0
DA:134,0
DA:139,0
LF:51
LH:22
end_of_record
SF:lib/data/local/file_local.dart
DA:10,0
DA:12,0
DA:14,0
DA:15,0
DA:18,0
DA:20,0
DA:21,0
DA:22,0
DA:23,0
DA:25,0
DA:26,0
DA:27,0
DA:28,0
DA:34,0
DA:35,0
DA:36,0
DA:37,0
DA:38,0
DA:42,0
DA:43,0
DA:44,0
DA:45,0
DA:48,0
DA:49,0
DA:50,0
LF:25
LH:0
end_of_record
SF:lib/commons/extension/int_extension.dart
DA:2,2
LF:1
LH:1
end_of_record
